<?xml version="1.0" encoding="UTF-8"?>
<!-- Generated by org.testng.reporters.JUnitXMLReporter -->
<testsuite ignored="5" hostname="HaripriyaAcer" failures="0" tests="1" name="Default test" time="5.065" errors="0" timestamp="2025-04-02T22:49:51 IST">
  <testcase classname="com.task1.org.Task1" name="TestCase_005" time="0.191"/>
  <testcase classname="com.task1.org.Task1" name="TestCase_001" time="0.0">
    <ignored/>
  </testcase> <!-- TestCase_001 -->
  <testcase classname="com.task1.org.Task1" name="TestCase_006" time="0.0">
    <ignored/>
  </testcase> <!-- TestCase_006 -->
  <testcase classname="com.task1.org.Task1" name="TestCase_004" time="0.0">
    <ignored/>
  </testcase> <!-- TestCase_004 -->
  <testcase classname="com.task1.org.Task1" name="TestCase_003" time="0.0">
    <ignored/>
  </testcase> <!-- TestCase_003 -->
  <testcase classname="com.task1.org.Task1" name="TestCase_002" time="0.0">
    <ignored/>
  </testcase> <!-- TestCase_002 -->
</testsuite> <!-- Default test -->
