<?xml version="1.0" encoding="UTF-8"?>
<testng-results ignored="0" total="6" passed="5" failed="1" skipped="0">
  <reporter-output>
  </reporter-output>
  <suite started-at="2025-04-02T21:46:25 IST" name="Default suite" finished-at="2025-04-02T21:47:08 IST" duration-ms="43681">
    <groups>
    </groups>
    <test started-at="2025-04-02T21:46:25 IST" name="Default test" finished-at="2025-04-02T21:47:08 IST" duration-ms="43681">
      <class name="com.task1.org.Task1">
        <test-method is-config="true" signature="driverSetup()[pri:0, instance:com.task1.org.Task1@57a3af25]" started-at="2025-04-02T21:46:25 IST" name="driverSetup" finished-at="2025-04-02T21:46:29 IST" duration-ms="4499" status="PASS">
          <reporter-output>
          </reporter-output>
        </test-method> <!-- driverSetup -->
        <test-method signature="TestCase_001()[pri:1, instance:com.task1.org.Task1@57a3af25]" started-at="2025-04-02T21:46:29 IST" name="TestCase_001" finished-at="2025-04-02T21:46:30 IST" duration-ms="1130" status="PASS">
          <reporter-output>
          </reporter-output>
        </test-method> <!-- TestCase_001 -->
        <test-method is-config="true" signature="tearDown()[pri:0, instance:com.task1.org.Task1@57a3af25]" started-at="2025-04-02T21:46:30 IST" name="tearDown" finished-at="2025-04-02T21:46:30 IST" duration-ms="1" status="PASS">
          <reporter-output>
          </reporter-output>
        </test-method> <!-- tearDown -->
        <test-method is-config="true" signature="driverSetup()[pri:0, instance:com.task1.org.Task1@57a3af25]" started-at="2025-04-02T21:46:30 IST" name="driverSetup" finished-at="2025-04-02T21:46:34 IST" duration-ms="4026" status="PASS">
          <reporter-output>
          </reporter-output>
        </test-method> <!-- driverSetup -->
        <test-method signature="TestCase_002()[pri:2, instance:com.task1.org.Task1@57a3af25]" started-at="2025-04-02T21:46:34 IST" name="TestCase_002" finished-at="2025-04-02T21:46:36 IST" duration-ms="1319" status="PASS">
          <reporter-output>
          </reporter-output>
        </test-method> <!-- TestCase_002 -->
        <test-method is-config="true" signature="tearDown()[pri:0, instance:com.task1.org.Task1@57a3af25]" started-at="2025-04-02T21:46:36 IST" name="tearDown" finished-at="2025-04-02T21:46:36 IST" duration-ms="1" status="PASS">
          <reporter-output>
          </reporter-output>
        </test-method> <!-- tearDown -->
        <test-method is-config="true" signature="driverSetup()[pri:0, instance:com.task1.org.Task1@57a3af25]" started-at="2025-04-02T21:46:36 IST" name="driverSetup" finished-at="2025-04-02T21:46:40 IST" duration-ms="4615" status="PASS">
          <reporter-output>
          </reporter-output>
        </test-method> <!-- driverSetup -->
        <test-method signature="TestCase_003()[pri:3, instance:com.task1.org.Task1@57a3af25]" started-at="2025-04-02T21:46:40 IST" name="TestCase_003" finished-at="2025-04-02T21:46:42 IST" duration-ms="1550" status="PASS">
          <reporter-output>
          </reporter-output>
        </test-method> <!-- TestCase_003 -->
        <test-method is-config="true" signature="driverSetup()[pri:0, instance:com.task1.org.Task1@57a3af25]" started-at="2025-04-02T21:46:42 IST" name="driverSetup" finished-at="2025-04-02T21:46:46 IST" duration-ms="4306" status="PASS">
          <reporter-output>
          </reporter-output>
        </test-method> <!-- driverSetup -->
        <test-method is-config="true" signature="tearDown()[pri:0, instance:com.task1.org.Task1@57a3af25]" started-at="2025-04-02T21:46:42 IST" name="tearDown" finished-at="2025-04-02T21:46:42 IST" duration-ms="0" status="PASS">
          <reporter-output>
          </reporter-output>
        </test-method> <!-- tearDown -->
        <test-method signature="TestCase_004()[pri:4, instance:com.task1.org.Task1@57a3af25]" started-at="2025-04-02T21:46:46 IST" name="TestCase_004" finished-at="2025-04-02T21:46:48 IST" duration-ms="1420" status="PASS">
          <reporter-output>
          </reporter-output>
        </test-method> <!-- TestCase_004 -->
        <test-method is-config="true" signature="driverSetup()[pri:0, instance:com.task1.org.Task1@57a3af25]" started-at="2025-04-02T21:46:48 IST" name="driverSetup" finished-at="2025-04-02T21:46:52 IST" duration-ms="4144" status="PASS">
          <reporter-output>
          </reporter-output>
        </test-method> <!-- driverSetup -->
        <test-method is-config="true" signature="tearDown()[pri:0, instance:com.task1.org.Task1@57a3af25]" started-at="2025-04-02T21:46:48 IST" name="tearDown" finished-at="2025-04-02T21:46:48 IST" duration-ms="0" status="PASS">
          <reporter-output>
          </reporter-output>
        </test-method> <!-- tearDown -->
        <test-method signature="TestCase_005()[pri:5, instance:com.task1.org.Task1@57a3af25]" started-at="2025-04-02T21:46:52 IST" name="TestCase_005" finished-at="2025-04-02T21:47:02 IST" duration-ms="10603" status="FAIL">
          <exception class="org.openqa.selenium.TimeoutException">
            <message>
              <![CDATA[Expected condition failed: waiting for alert to be present (tried for 10 second(s) with 500 milliseconds interval)
Build info: version: '4.27.0', revision: 'd6e718d134'
System info: os.name: 'Windows 11', os.arch: 'amd64', os.version: '10.0', java.version: '23.0.1'
Driver info: org.openqa.selenium.edge.EdgeDriver
Capabilities {acceptInsecureCerts: false, browserName: MicrosoftEdge, browserVersion: 134.0.3124.93, fedcm:accounts: true, ms:edgeOptions: {debuggerAddress: localhost:57159}, msedge: {msedgedriverVersion: 134.0.3124.93 (a9facff5fd6c..., userDataDir: C:\Users\harip\AppData\Loca...}, networkConnectionEnabled: false, pageLoadStrategy: normal, platformName: windows, proxy: Proxy(), se:cdp: ws://localhost:57159/devtoo..., se:cdpVersion: 134.0.3124.93, setWindowRect: true, strictFileInteractability: false, timeouts: {implicit: 0, pageLoad: 300000, script: 30000}, unhandledPromptBehavior: dismiss and notify, webauthn:extension:credBlob: true, webauthn:extension:largeBlob: true, webauthn:extension:minPinLength: true, webauthn:extension:prf: true, webauthn:virtualAuthenticators: true}
Session ID: 3f28d4c12313fa1900169525a2c1346f]]>
            </message>
            <full-stacktrace>
              <![CDATA[org.openqa.selenium.TimeoutException: Expected condition failed: waiting for alert to be present (tried for 10 second(s) with 500 milliseconds interval)
Build info: version: '4.27.0', revision: 'd6e718d134'
System info: os.name: 'Windows 11', os.arch: 'amd64', os.version: '10.0', java.version: '23.0.1'
Driver info: org.openqa.selenium.edge.EdgeDriver
Capabilities {acceptInsecureCerts: false, browserName: MicrosoftEdge, browserVersion: 134.0.3124.93, fedcm:accounts: true, ms:edgeOptions: {debuggerAddress: localhost:57159}, msedge: {msedgedriverVersion: 134.0.3124.93 (a9facff5fd6c..., userDataDir: C:\Users\harip\AppData\Loca...}, networkConnectionEnabled: false, pageLoadStrategy: normal, platformName: windows, proxy: Proxy(), se:cdp: ws://localhost:57159/devtoo..., se:cdpVersion: 134.0.3124.93, setWindowRect: true, strictFileInteractability: false, timeouts: {implicit: 0, pageLoad: 300000, script: 30000}, unhandledPromptBehavior: dismiss and notify, webauthn:extension:credBlob: true, webauthn:extension:largeBlob: true, webauthn:extension:minPinLength: true, webauthn:extension:prf: true, webauthn:virtualAuthenticators: true}
Session ID: 3f28d4c12313fa1900169525a2c1346f
at org.openqa.selenium.support.ui.WebDriverWait.timeoutException(WebDriverWait.java:84)
at org.openqa.selenium.support.ui.FluentWait.until(FluentWait.java:228)
at com.task1.org.Task1.TestCase_005(Task1.java:104)
at java.base/jdk.internal.reflect.DirectMethodHandleAccessor.invoke(DirectMethodHandleAccessor.java:103)
at java.base/java.lang.reflect.Method.invoke(Method.java:580)
at org.testng.internal.invokers.MethodInvocationHelper.invokeMethod(MethodInvocationHelper.java:136)
at org.testng.internal.invokers.TestInvoker.invokeMethod(TestInvoker.java:658)
at org.testng.internal.invokers.TestInvoker.invokeTestMethod(TestInvoker.java:219)
at org.testng.internal.invokers.MethodRunner.runInSequence(MethodRunner.java:50)
at org.testng.internal.invokers.TestInvoker$MethodInvocationAgent.invoke(TestInvoker.java:923)
at org.testng.internal.invokers.TestInvoker.invokeTestMethods(TestInvoker.java:192)
at org.testng.internal.invokers.TestMethodWorker.invokeTestMethods(TestMethodWorker.java:146)
at org.testng.internal.invokers.TestMethodWorker.run(TestMethodWorker.java:128)
at java.base/java.util.ArrayList.forEach(ArrayList.java:1597)
at org.testng.TestRunner.privateRun(TestRunner.java:808)
at org.testng.TestRunner.run(TestRunner.java:603)
at org.testng.SuiteRunner.runTest(SuiteRunner.java:429)
at org.testng.SuiteRunner.runSequentially(SuiteRunner.java:423)
at org.testng.SuiteRunner.privateRun(SuiteRunner.java:383)
at org.testng.SuiteRunner.run(SuiteRunner.java:326)
at org.testng.SuiteRunnerWorker.runSuite(SuiteRunnerWorker.java:52)
at org.testng.SuiteRunnerWorker.run(SuiteRunnerWorker.java:95)
at org.testng.TestNG.runSuitesSequentially(TestNG.java:1249)
at org.testng.TestNG.runSuitesLocally(TestNG.java:1169)
at org.testng.TestNG.runSuites(TestNG.java:1092)
at org.testng.TestNG.run(TestNG.java:1060)
at org.testng.remote.AbstractRemoteTestNG.run(AbstractRemoteTestNG.java:115)
at org.testng.remote.RemoteTestNG.initAndRun(RemoteTestNG.java:293)
at org.testng.remote.RemoteTestNG.main(RemoteTestNG.java:91)
]]>
            </full-stacktrace>
          </exception> <!-- org.openqa.selenium.TimeoutException -->
          <reporter-output>
          </reporter-output>
        </test-method> <!-- TestCase_005 -->
        <test-method is-config="true" signature="tearDown()[pri:0, instance:com.task1.org.Task1@57a3af25]" started-at="2025-04-02T21:47:02 IST" name="tearDown" finished-at="2025-04-02T21:47:02 IST" duration-ms="2" status="PASS">
          <reporter-output>
          </reporter-output>
        </test-method> <!-- tearDown -->
        <test-method is-config="true" signature="driverSetup()[pri:0, instance:com.task1.org.Task1@57a3af25]" started-at="2025-04-02T21:47:02 IST" name="driverSetup" finished-at="2025-04-02T21:47:07 IST" duration-ms="4496" status="PASS">
          <reporter-output>
          </reporter-output>
        </test-method> <!-- driverSetup -->
        <test-method signature="TestCase_006()[pri:6, instance:com.task1.org.Task1@57a3af25]" started-at="2025-04-02T21:47:07 IST" name="TestCase_006" finished-at="2025-04-02T21:47:08 IST" duration-ms="1503" status="PASS">
          <reporter-output>
          </reporter-output>
        </test-method> <!-- TestCase_006 -->
        <test-method is-config="true" signature="tearDown()[pri:0, instance:com.task1.org.Task1@57a3af25]" started-at="2025-04-02T21:47:08 IST" name="tearDown" finished-at="2025-04-02T21:47:08 IST" duration-ms="0" status="PASS">
          <reporter-output>
          </reporter-output>
        </test-method> <!-- tearDown -->
      </class> <!-- com.task1.org.Task1 -->
    </test> <!-- Default test -->
  </suite> <!-- Default suite -->
</testng-results>
