<?xml version="1.0" encoding="UTF-8"?>
<testng-results ignored="0" total="7" passed="7" failed="0" skipped="0">
  <reporter-output>
  </reporter-output>
  <suite started-at="2025-04-04T23:51:15 IST" name="Task2_Suite" finished-at="2025-04-04T23:53:17 IST" duration-ms="121737">
    <groups>
    </groups>
    <test started-at="2025-04-04T23:51:15 IST" name="Task2_Test" finished-at="2025-04-04T23:53:17 IST" duration-ms="121737">
      <class name="com.Task2.org.Task2">
        <test-method is-config="true" signature="driverSetup()[pri:0, instance:com.Task2.org.Task2@6e4784bc]" started-at="2025-04-04T23:51:15 IST" name="driverSetup" finished-at="2025-04-04T23:51:42 IST" duration-ms="27130" status="PASS">
          <reporter-output>
          </reporter-output>
        </test-method> <!-- driverSetup -->
        <test-method signature="TC_001()[pri:0, instance:com.Task2.org.Task2@6e4784bc]" started-at="2025-04-04T23:51:42 IST" name="TC_001" finished-at="2025-04-04T23:51:45 IST" duration-ms="2833" status="PASS">
          <reporter-output>
          </reporter-output>
        </test-method> <!-- TC_001 -->
        <test-method is-config="true" signature="tearDown()[pri:0, instance:com.Task2.org.Task2@6e4784bc]" started-at="2025-04-04T23:51:45 IST" name="tearDown" finished-at="2025-04-04T23:51:48 IST" duration-ms="3103" status="PASS">
          <reporter-output>
          </reporter-output>
        </test-method> <!-- tearDown -->
        <test-method is-config="true" signature="driverSetup()[pri:0, instance:com.Task2.org.Task2@6e4784bc]" started-at="2025-04-04T23:51:48 IST" name="driverSetup" finished-at="2025-04-04T23:52:08 IST" duration-ms="20128" status="PASS">
          <reporter-output>
          </reporter-output>
        </test-method> <!-- driverSetup -->
        <test-method signature="TC_002()[pri:0, instance:com.Task2.org.Task2@6e4784bc]" started-at="2025-04-04T23:52:08 IST" name="TC_002" finished-at="2025-04-04T23:52:11 IST" duration-ms="2713" status="PASS">
          <reporter-output>
          </reporter-output>
        </test-method> <!-- TC_002 -->
        <test-method is-config="true" signature="tearDown()[pri:0, instance:com.Task2.org.Task2@6e4784bc]" started-at="2025-04-04T23:52:11 IST" name="tearDown" finished-at="2025-04-04T23:52:14 IST" duration-ms="2672" status="PASS">
          <reporter-output>
          </reporter-output>
        </test-method> <!-- tearDown -->
        <test-method is-config="true" signature="driverSetup()[pri:0, instance:com.Task2.org.Task2@6e4784bc]" started-at="2025-04-04T23:52:14 IST" name="driverSetup" finished-at="2025-04-04T23:52:22 IST" duration-ms="8374" status="PASS">
          <reporter-output>
          </reporter-output>
        </test-method> <!-- driverSetup -->
        <test-method signature="TC_003()[pri:0, instance:com.Task2.org.Task2@6e4784bc]" started-at="2025-04-04T23:52:22 IST" name="TC_003" finished-at="2025-04-04T23:52:24 IST" duration-ms="1584" status="PASS">
          <reporter-output>
          </reporter-output>
        </test-method> <!-- TC_003 -->
        <test-method is-config="true" signature="tearDown()[pri:0, instance:com.Task2.org.Task2@6e4784bc]" started-at="2025-04-04T23:52:24 IST" name="tearDown" finished-at="2025-04-04T23:52:27 IST" duration-ms="2817" status="PASS">
          <reporter-output>
          </reporter-output>
        </test-method> <!-- tearDown -->
        <test-method is-config="true" signature="driverSetup()[pri:0, instance:com.Task2.org.Task2@6e4784bc]" started-at="2025-04-04T23:52:27 IST" name="driverSetup" finished-at="2025-04-04T23:52:53 IST" duration-ms="26761" status="PASS">
          <reporter-output>
          </reporter-output>
        </test-method> <!-- driverSetup -->
        <test-method signature="TC_004()[pri:0, instance:com.Task2.org.Task2@6e4784bc]" started-at="2025-04-04T23:52:53 IST" name="TC_004" finished-at="2025-04-04T23:52:55 IST" duration-ms="1666" status="PASS">
          <reporter-output>
          </reporter-output>
        </test-method> <!-- TC_004 -->
        <test-method is-config="true" signature="tearDown()[pri:0, instance:com.Task2.org.Task2@6e4784bc]" started-at="2025-04-04T23:52:55 IST" name="tearDown" finished-at="2025-04-04T23:52:56 IST" duration-ms="698" status="PASS">
          <reporter-output>
          </reporter-output>
        </test-method> <!-- tearDown -->
        <test-method is-config="true" signature="driverSetup()[pri:0, instance:com.Task2.org.Task2@6e4784bc]" started-at="2025-04-04T23:52:56 IST" name="driverSetup" finished-at="2025-04-04T23:53:00 IST" duration-ms="4693" status="PASS">
          <reporter-output>
          </reporter-output>
        </test-method> <!-- driverSetup -->
        <test-method signature="TC_005()[pri:0, instance:com.Task2.org.Task2@6e4784bc]" started-at="2025-04-04T23:53:00 IST" name="TC_005" finished-at="2025-04-04T23:53:01 IST" duration-ms="891" status="PASS">
          <reporter-output>
          </reporter-output>
        </test-method> <!-- TC_005 -->
        <test-method is-config="true" signature="tearDown()[pri:0, instance:com.Task2.org.Task2@6e4784bc]" started-at="2025-04-04T23:53:01 IST" name="tearDown" finished-at="2025-04-04T23:53:02 IST" duration-ms="821" status="PASS">
          <reporter-output>
          </reporter-output>
        </test-method> <!-- tearDown -->
        <test-method is-config="true" signature="driverSetup()[pri:0, instance:com.Task2.org.Task2@6e4784bc]" started-at="2025-04-04T23:53:02 IST" name="driverSetup" finished-at="2025-04-04T23:53:07 IST" duration-ms="4711" status="PASS">
          <reporter-output>
          </reporter-output>
        </test-method> <!-- driverSetup -->
        <test-method signature="TC_006()[pri:0, instance:com.Task2.org.Task2@6e4784bc]" started-at="2025-04-04T23:53:07 IST" name="TC_006" finished-at="2025-04-04T23:53:08 IST" duration-ms="1584" status="PASS">
          <reporter-output>
          </reporter-output>
        </test-method> <!-- TC_006 -->
        <test-method is-config="true" signature="tearDown()[pri:0, instance:com.Task2.org.Task2@6e4784bc]" started-at="2025-04-04T23:53:08 IST" name="tearDown" finished-at="2025-04-04T23:53:11 IST" duration-ms="2220" status="PASS">
          <reporter-output>
          </reporter-output>
        </test-method> <!-- tearDown -->
        <test-method is-config="true" signature="driverSetup()[pri:0, instance:com.Task2.org.Task2@6e4784bc]" started-at="2025-04-04T23:53:11 IST" name="driverSetup" finished-at="2025-04-04T23:53:15 IST" duration-ms="4510" status="PASS">
          <reporter-output>
          </reporter-output>
        </test-method> <!-- driverSetup -->
        <test-method signature="TC_007()[pri:0, instance:com.Task2.org.Task2@6e4784bc]" started-at="2025-04-04T23:53:15 IST" name="TC_007" finished-at="2025-04-04T23:53:16 IST" duration-ms="1005" status="PASS">
          <reporter-output>
          </reporter-output>
        </test-method> <!-- TC_007 -->
        <test-method is-config="true" signature="tearDown()[pri:0, instance:com.Task2.org.Task2@6e4784bc]" started-at="2025-04-04T23:53:16 IST" name="tearDown" finished-at="2025-04-04T23:53:17 IST" duration-ms="785" status="PASS">
          <reporter-output>
          </reporter-output>
        </test-method> <!-- tearDown -->
      </class> <!-- com.Task2.org.Task2 -->
    </test> <!-- Task2_Test -->
  </suite> <!-- Task2_Suite -->
</testng-results>
