<?xml version="1.0" encoding="UTF-8"?>
<testsuite xmlns:xsi="http://www.w3.org/2001/XMLSchema-instance" xsi:noNamespaceSchemaLocation="https://maven.apache.org/surefire/maven-surefire-plugin/xsd/surefire-test-report-3.0.xsd" version="3.0" name="TestSuite" time="122.192" tests="7" errors="0" skipped="0" failures="0">
  <properties>
[...]
</properties>
  <testcase name="TC_001" classname="com.Task2.org.Task2" time="2.833">
    <system-err><![CDATA[Apr 04, 2025 11:51:18 PM org.openqa.selenium.firefox.FirefoxDriver <init>
WARNING: CDP support for Firefox is deprecated and will be removed in future versions. Please switch to WebDriver BiDi.
]]></system-err>
  </testcase>
  <testcase name="TC_002" classname="com.Task2.org.Task2" time="2.713">
    <system-err><![CDATA[Apr 04, 2025 11:51:51 PM org.openqa.selenium.firefox.FirefoxDriver <init>
WARNING: CDP support for Firefox is deprecated and will be removed in future versions. Please switch to WebDriver BiDi.
]]></system-err>
  </testcase>
  <testcase name="TC_003" classname="com.Task2.org.Task2" time="1.585">
    <system-err><![CDATA[Apr 04, 2025 11:52:16 PM org.openqa.selenium.firefox.FirefoxDriver <init>
WARNING: CDP support for Firefox is deprecated and will be removed in future versions. Please switch to WebDriver BiDi.
]]></system-err>
  </testcase>
  <testcase name="TC_004" classname="com.Task2.org.Task2" time="1.666">
    <system-err><![CDATA[Apr 04, 2025 11:52:29 PM org.openqa.selenium.firefox.FirefoxDriver <init>
WARNING: CDP support for Firefox is deprecated and will be removed in future versions. Please switch to WebDriver BiDi.
]]></system-err>
  </testcase>
  <testcase name="TC_005" classname="com.Task2.org.Task2" time="0.892">
    <system-err><![CDATA[Apr 04, 2025 11:52:58 PM org.openqa.selenium.firefox.FirefoxDriver <init>
WARNING: CDP support for Firefox is deprecated and will be removed in future versions. Please switch to WebDriver BiDi.
]]></system-err>
  </testcase>
  <testcase name="TC_006" classname="com.Task2.org.Task2" time="1.583">
    <system-err><![CDATA[Apr 04, 2025 11:53:05 PM org.openqa.selenium.firefox.FirefoxDriver <init>
WARNING: CDP support for Firefox is deprecated and will be removed in future versions. Please switch to WebDriver BiDi.
]]></system-err>
  </testcase>
  <testcase name="TC_007" classname="com.Task2.org.Task2" time="1.004">
    <system-err><![CDATA[Apr 04, 2025 11:53:13 PM org.openqa.selenium.firefox.FirefoxDriver <init>
WARNING: CDP support for Firefox is deprecated and will be removed in future versions. Please switch to WebDriver BiDi.
]]></system-err>
  </testcase>
</testsuite>