<?xml version="1.0" encoding="UTF-8"?>
<testng-results ignored="5" total="6" passed="1" failed="0" skipped="0">
  <reporter-output>
  </reporter-output>
  <suite started-at="2025-04-02T22:49:45 IST" name="Default suite" finished-at="2025-04-02T22:49:51 IST" duration-ms="5065">
    <groups>
    </groups>
    <test started-at="2025-04-02T22:49:45 IST" name="Default test" finished-at="2025-04-02T22:49:51 IST" duration-ms="5065">
      <class name="com.task1.org.Task1">
        <test-method is-config="true" signature="driverSetup()[pri:0, instance:com.task1.org.Task1@57a3af25]" started-at="2025-04-02T22:49:46 IST" name="driverSetup" finished-at="2025-04-02T22:49:50 IST" duration-ms="4832" status="PASS">
          <reporter-output>
          </reporter-output>
        </test-method> <!-- driverSetup -->
        <test-method signature="TestCase_005()[pri:5, instance:com.task1.org.Task1@57a3af25]" started-at="2025-04-02T22:49:50 IST" name="TestCase_005" finished-at="2025-04-02T22:49:51 IST" duration-ms="191" status="PASS">
          <reporter-output>
          </reporter-output>
        </test-method> <!-- TestCase_005 -->
        <test-method is-config="true" signature="tearDown()[pri:0, instance:com.task1.org.Task1@57a3af25]" started-at="2025-04-02T22:49:51 IST" name="tearDown" finished-at="2025-04-02T22:49:51 IST" duration-ms="0" status="PASS">
          <reporter-output>
          </reporter-output>
        </test-method> <!-- tearDown -->
      </class> <!-- com.task1.org.Task1 -->
    </test> <!-- Default test -->
  </suite> <!-- Default suite -->
</testng-results>
