<?xml version="1.0" encoding="UTF-8"?>
<testng-results ignored="0" total="6" passed="6" failed="0" skipped="0">
  <reporter-output>
  </reporter-output>
  <suite started-at="2025-04-02T21:53:07 IST" name="Task1_Suite" finished-at="2025-04-02T21:53:45 IST" duration-ms="37775">
    <groups>
    </groups>
    <test started-at="2025-04-02T21:53:07 IST" name="Task1_Test" finished-at="2025-04-02T21:53:45 IST" duration-ms="37775">
      <class name="com.task1.org.Task1">
        <test-method is-config="true" signature="driverSetup()[pri:0, instance:com.task1.org.Task1@34b7ac2f]" started-at="2025-04-02T21:53:07 IST" name="driverSetup" finished-at="2025-04-02T21:53:12 IST" duration-ms="4641" status="PASS">
          <reporter-output>
          </reporter-output>
        </test-method> <!-- driverSetup -->
        <test-method signature="TestCase_001()[pri:1, instance:com.task1.org.Task1@34b7ac2f]" started-at="2025-04-02T21:53:12 IST" name="TestCase_001" finished-at="2025-04-02T21:53:13 IST" duration-ms="983" status="PASS">
          <reporter-output>
          </reporter-output>
        </test-method> <!-- TestCase_001 -->
        <test-method is-config="true" signature="tearDown()[pri:0, instance:com.task1.org.Task1@34b7ac2f]" started-at="2025-04-02T21:53:13 IST" name="tearDown" finished-at="2025-04-02T21:53:13 IST" duration-ms="200" status="PASS">
          <reporter-output>
          </reporter-output>
        </test-method> <!-- tearDown -->
        <test-method is-config="true" signature="driverSetup()[pri:0, instance:com.task1.org.Task1@34b7ac2f]" started-at="2025-04-02T21:53:13 IST" name="driverSetup" finished-at="2025-04-02T21:53:18 IST" duration-ms="5232" status="PASS">
          <reporter-output>
          </reporter-output>
        </test-method> <!-- driverSetup -->
        <test-method signature="TestCase_002()[pri:2, instance:com.task1.org.Task1@34b7ac2f]" started-at="2025-04-02T21:53:18 IST" name="TestCase_002" finished-at="2025-04-02T21:53:20 IST" duration-ms="1375" status="PASS">
          <reporter-output>
          </reporter-output>
        </test-method> <!-- TestCase_002 -->
        <test-method is-config="true" signature="tearDown()[pri:0, instance:com.task1.org.Task1@34b7ac2f]" started-at="2025-04-02T21:53:20 IST" name="tearDown" finished-at="2025-04-02T21:53:20 IST" duration-ms="142" status="PASS">
          <reporter-output>
          </reporter-output>
        </test-method> <!-- tearDown -->
        <test-method is-config="true" signature="driverSetup()[pri:0, instance:com.task1.org.Task1@34b7ac2f]" started-at="2025-04-02T21:53:20 IST" name="driverSetup" finished-at="2025-04-02T21:53:24 IST" duration-ms="4579" status="PASS">
          <reporter-output>
          </reporter-output>
        </test-method> <!-- driverSetup -->
        <test-method signature="TestCase_003()[pri:3, instance:com.task1.org.Task1@34b7ac2f]" started-at="2025-04-02T21:53:24 IST" name="TestCase_003" finished-at="2025-04-02T21:53:26 IST" duration-ms="1622" status="PASS">
          <reporter-output>
          </reporter-output>
        </test-method> <!-- TestCase_003 -->
        <test-method is-config="true" signature="tearDown()[pri:0, instance:com.task1.org.Task1@34b7ac2f]" started-at="2025-04-02T21:53:26 IST" name="tearDown" finished-at="2025-04-02T21:53:26 IST" duration-ms="219" status="PASS">
          <reporter-output>
          </reporter-output>
        </test-method> <!-- tearDown -->
        <test-method is-config="true" signature="driverSetup()[pri:0, instance:com.task1.org.Task1@34b7ac2f]" started-at="2025-04-02T21:53:26 IST" name="driverSetup" finished-at="2025-04-02T21:53:33 IST" duration-ms="7223" status="PASS">
          <reporter-output>
          </reporter-output>
        </test-method> <!-- driverSetup -->
        <test-method signature="TestCase_004()[pri:4, instance:com.task1.org.Task1@34b7ac2f]" started-at="2025-04-02T21:53:33 IST" name="TestCase_004" finished-at="2025-04-02T21:53:35 IST" duration-ms="1413" status="PASS">
          <reporter-output>
          </reporter-output>
        </test-method> <!-- TestCase_004 -->
        <test-method is-config="true" signature="tearDown()[pri:0, instance:com.task1.org.Task1@34b7ac2f]" started-at="2025-04-02T21:53:35 IST" name="tearDown" finished-at="2025-04-02T21:53:35 IST" duration-ms="156" status="PASS">
          <reporter-output>
          </reporter-output>
        </test-method> <!-- tearDown -->
        <test-method is-config="true" signature="driverSetup()[pri:0, instance:com.task1.org.Task1@34b7ac2f]" started-at="2025-04-02T21:53:35 IST" name="driverSetup" finished-at="2025-04-02T21:53:39 IST" duration-ms="3911" status="PASS">
          <reporter-output>
          </reporter-output>
        </test-method> <!-- driverSetup -->
        <test-method signature="TestCase_005()[pri:5, instance:com.task1.org.Task1@34b7ac2f]" started-at="2025-04-02T21:53:39 IST" name="TestCase_005" finished-at="2025-04-02T21:53:39 IST" duration-ms="212" status="PASS">
          <reporter-output>
          </reporter-output>
        </test-method> <!-- TestCase_005 -->
        <test-method is-config="true" signature="tearDown()[pri:0, instance:com.task1.org.Task1@34b7ac2f]" started-at="2025-04-02T21:53:39 IST" name="tearDown" finished-at="2025-04-02T21:53:39 IST" duration-ms="136" status="PASS">
          <reporter-output>
          </reporter-output>
        </test-method> <!-- tearDown -->
        <test-method is-config="true" signature="driverSetup()[pri:0, instance:com.task1.org.Task1@34b7ac2f]" started-at="2025-04-02T21:53:39 IST" name="driverSetup" finished-at="2025-04-02T21:53:43 IST" duration-ms="4104" status="PASS">
          <reporter-output>
          </reporter-output>
        </test-method> <!-- driverSetup -->
        <test-method signature="TestCase_006()[pri:6, instance:com.task1.org.Task1@34b7ac2f]" started-at="2025-04-02T21:53:43 IST" name="TestCase_006" finished-at="2025-04-02T21:53:45 IST" duration-ms="1386" status="PASS">
          <reporter-output>
          </reporter-output>
        </test-method> <!-- TestCase_006 -->
        <test-method is-config="true" signature="tearDown()[pri:0, instance:com.task1.org.Task1@34b7ac2f]" started-at="2025-04-02T21:53:45 IST" name="tearDown" finished-at="2025-04-02T21:53:45 IST" duration-ms="202" status="PASS">
          <reporter-output>
          </reporter-output>
        </test-method> <!-- tearDown -->
      </class> <!-- com.task1.org.Task1 -->
    </test> <!-- Task1_Test -->
  </suite> <!-- Task1_Suite -->
</testng-results>
