<?xml version="1.0" encoding="UTF-8"?>
<!-- Generated by org.testng.reporters.JUnitXMLReporter -->
<testsuite ignored="6" hostname="HaripriyaAcer" failures="0" tests="1" name="Default test" time="9.214" errors="0" timestamp="2025-04-04T23:39:30 IST">
  <testcase classname="com.Task2.org.Task2" name="TC_007" time="1.541"/>
  <testcase classname="com.Task2.org.Task2" name="TC_004" time="0.0">
    <ignored/>
  </testcase> <!-- TC_004 -->
  <testcase classname="com.Task2.org.Task2" name="TC_005" time="0.0">
    <ignored/>
  </testcase> <!-- TC_005 -->
  <testcase classname="com.Task2.org.Task2" name="TC_003" time="0.0">
    <ignored/>
  </testcase> <!-- TC_003 -->
  <testcase classname="com.Task2.org.Task2" name="TC_006" time="0.0">
    <ignored/>
  </testcase> <!-- TC_006 -->
  <testcase classname="com.Task2.org.Task2" name="TC_001" time="0.0">
    <ignored/>
  </testcase> <!-- TC_001 -->
  <testcase classname="com.Task2.org.Task2" name="TC_002" time="0.0">
    <ignored/>
  </testcase> <!-- TC_002 -->
</testsuite> <!-- Default test -->
