<?xml version="1.0" encoding="UTF-8"?>
<!-- Generated by org.testng.reporters.JUnitXMLReporter -->
<testsuite ignored="0" hostname="HaripriyaAcer" failures="0" tests="7" name="Task2_Test" time="121.737" errors="0" timestamp="2025-04-04T23:53:17 IST">
  <testcase classname="com.Task2.org.Task2" name="TC_001" time="2.833"/>
  <testcase classname="com.Task2.org.Task2" name="TC_002" time="2.713"/>
  <testcase classname="com.Task2.org.Task2" name="TC_003" time="1.584"/>
  <testcase classname="com.Task2.org.Task2" name="TC_004" time="1.666"/>
  <testcase classname="com.Task2.org.Task2" name="TC_005" time="0.891"/>
  <testcase classname="com.Task2.org.Task2" name="TC_006" time="1.584"/>
  <testcase classname="com.Task2.org.Task2" name="TC_007" time="1.005"/>
</testsuite> <!-- Task2_Test -->
