<?xml version="1.0" encoding="UTF-8"?>
<!-- Generated by org.testng.reporters.JUnitXMLReporter -->
<testsuite ignored="0" hostname="HaripriyaAcer" failures="0" tests="6" name="Task1_Test" time="37.775" errors="0" timestamp="2025-04-02T21:53:45 IST">
  <testcase classname="com.task1.org.Task1" name="TestCase_001" time="0.983"/>
  <testcase classname="com.task1.org.Task1" name="TestCase_002" time="1.375"/>
  <testcase classname="com.task1.org.Task1" name="TestCase_003" time="1.622"/>
  <testcase classname="com.task1.org.Task1" name="TestCase_004" time="1.413"/>
  <testcase classname="com.task1.org.Task1" name="TestCase_005" time="0.212"/>
  <testcase classname="com.task1.org.Task1" name="TestCase_006" time="1.386"/>
</testsuite> <!-- Task1_Test -->
